
=== Fri Jul  9 15:16:13 2021

Packages were changed.
Update Mode: updateDependencies

The following packages were added:
  com.unity.2d.sprite@1.0.0
  com.unity.2d.tilemap@1.0.0
  com.unity.ide.rider@1.2.1
  com.unity.ide.visualstudio@2.0.8
  com.unity.ide.vscode@1.2.3
  com.unity.modules.androidjni@1.0.0
  com.unity.test-framework@1.1.24
  com.unity.ugui@1.0.0
The following packages were updated:
  com.unity.ads from version 2.0.8 to 3.7.1
  com.unity.purchasing from version 2.0.6 to 3.1.0
  com.unity.textmeshpro from version 2.0.1 to 2.1.4
  com.unity.timeline from version 1.0.0 to 1.2.18
The following packages were removed:
  com.unity.package-manager-ui@2.1.2

=== Wed May 17 00:20:09 2023

Packages were changed.
Update Mode: updateDependencies

The following packages were updated:
  com.unity.burst from version 1.4.11 to 1.6.6
  com.unity.render-pipelines.universal from version 7.7.1 to 12.1.11
  com.unity.textmeshpro from version 2.1.6 to 3.0.6
  nuget.mono-cecil from version 0.1.6-preview to 1.0.0

=== Wed May 17 19:08:05 2023

Packages were changed.
Update Mode: updateDependencies

The following packages were added:
  com.unity.ai.navigation@1.1.1
The following packages were updated:
  com.unity.recorder from version 3.0.3 to 4.0.0
  com.unity.render-pipelines.universal from version 12.1.11 to 14.0.7
  com.unity.visualeffectgraph from version 12.1.11 to 14.0.7
The following packages were removed:
  com.unity.2d.path@5.0.2

=== Fri Jun  9 17:15:10 2023

Packages were changed.
Update Mode: updateDependencies

The following packages were updated:
  com.unity.nuget.newtonsoft-json from version 3.2.0 to 3.2.1
  com.unity.recorder from version 4.0.0 to 4.0.1
